[debug] [2023-10-09T03:36:05.284Z] ----------------------------------------------------------------------
[debug] [2023-10-09T03:36:05.287Z] Command:       /usr/local/bin/node /Users/waibandl321/.npm-global/bin/firebase deploy --only hosting
[debug] [2023-10-09T03:36:05.287Z] CLI Version:   10.7.2
[debug] [2023-10-09T03:36:05.287Z] Platform:      darwin
[debug] [2023-10-09T03:36:05.287Z] Node Version:  v16.10.0
[debug] [2023-10-09T03:36:05.293Z] Time:          Mon Oct 09 2023 12:36:05 GMT+0900 (日本標準時)
[debug] [2023-10-09T03:36:05.294Z] ----------------------------------------------------------------------
[debug] 
[debug] [2023-10-09T03:36:05.298Z] >>> [apiv2][query] GET https://firebase-public.firebaseio.com/cli.json [none]
[debug] [2023-10-09T03:36:05.371Z] > command requires scopes: ["email","openid","https://www.googleapis.com/auth/cloudplatformprojects.readonly","https://www.googleapis.com/auth/firebase","https://www.googleapis.com/auth/cloud-platform"]
[debug] [2023-10-09T03:36:05.371Z] > authorizing via signed-in user (waibandl321@gmail.com)
[debug] [2023-10-09T03:36:05.371Z] [iam] checking project taskapp-f2537 for permissions ["firebase.projects.get","firebasehosting.sites.update"]
[debug] [2023-10-09T03:36:05.371Z] > refreshing access token with scopes: []
[debug] [2023-10-09T03:36:05.371Z] >>> HTTP REQUEST POST https://www.googleapis.com/oauth2/v3/token  
 <request body omitted>
[debug] [2023-10-09T03:36:05.561Z] <<< HTTP RESPONSE 400 {"date":"Mon, 09 Oct 2023 03:36:05 GMT","expires":"Mon, 01 Jan 1990 00:00:00 GMT","pragma":"no-cache","cache-control":"no-cache, no-store, max-age=0, must-revalidate","content-type":"application/json; charset=utf-8","vary":"X-Origin, Referer, Origin,Accept-Encoding","server":"scaffolding on HTTPServer2","x-xss-protection":"0","x-frame-options":"SAMEORIGIN","x-content-type-options":"nosniff","alt-svc":"h3=\":443\"; ma=2592000,h3-29=\":443\"; ma=2592000","accept-ranges":"none","transfer-encoding":"chunked"}
[debug] [2023-10-09T03:36:05.561Z] >>> [apiv2][query] POST https://cloudresourcemanager.googleapis.com/v1/projects/taskapp-f2537:testIamPermissions [none]
[debug] [2023-10-09T03:36:05.562Z] >>> [apiv2][body] POST https://cloudresourcemanager.googleapis.com/v1/projects/taskapp-f2537:testIamPermissions {"permissions":["firebase.projects.get","firebasehosting.sites.update"]}
[debug] [2023-10-09T03:36:05.766Z] <<< [apiv2][status] GET https://firebase-public.firebaseio.com/cli.json 200
[debug] [2023-10-09T03:36:05.766Z] <<< [apiv2][body] GET https://firebase-public.firebaseio.com/cli.json {"cloudBuildErrorAfter":1594252800000,"cloudBuildWarnAfter":1590019200000,"defaultNode10After":1594252800000,"minVersion":"3.0.5","node8DeploysDisabledAfter":1613390400000,"node8RuntimeDisabledAfter":1615809600000,"node8WarnAfter":1600128000000}
[debug] [2023-10-09T03:36:06.382Z] <<< [apiv2][status] POST https://cloudresourcemanager.googleapis.com/v1/projects/taskapp-f2537:testIamPermissions 401
[debug] [2023-10-09T03:36:06.382Z] <<< [apiv2][body] POST https://cloudresourcemanager.googleapis.com/v1/projects/taskapp-f2537:testIamPermissions {"error":{"code":401,"message":"Request had invalid authentication credentials. Expected OAuth 2 access token, login cookie or other valid authentication credential. See https://developers.google.com/identity/sign-in/web/devconsole-project.","status":"UNAUTHENTICATED","details":[{"@type":"type.googleapis.com/google.rpc.ErrorInfo","reason":"ACCESS_TOKEN_TYPE_UNSUPPORTED","metadata":{"method":"google.cloudresourcemanager.v1.Projects.TestIamPermissions","service":"cloudresourcemanager.googleapis.com"}}]}}
[debug] [2023-10-09T03:36:06.383Z] [iam] error while checking permissions, command may fail: FirebaseError: HTTP Error: 401, Request had invalid authentication credentials. Expected OAuth 2 access token, login cookie or other valid authentication credential. See https://developers.google.com/identity/sign-in/web/devconsole-project.
[debug] [2023-10-09T03:36:06.384Z] > refreshing access token with scopes: []
[debug] [2023-10-09T03:36:06.384Z] >>> HTTP REQUEST POST https://www.googleapis.com/oauth2/v3/token  
 <request body omitted>
[debug] [2023-10-09T03:36:06.507Z] <<< HTTP RESPONSE 400 {"expires":"Mon, 01 Jan 1990 00:00:00 GMT","date":"Mon, 09 Oct 2023 03:36:06 GMT","pragma":"no-cache","cache-control":"no-cache, no-store, max-age=0, must-revalidate","content-type":"application/json; charset=utf-8","vary":"X-Origin, Referer, Origin,Accept-Encoding","server":"scaffolding on HTTPServer2","x-xss-protection":"0","x-frame-options":"SAMEORIGIN","x-content-type-options":"nosniff","alt-svc":"h3=\":443\"; ma=2592000,h3-29=\":443\"; ma=2592000","accept-ranges":"none","transfer-encoding":"chunked"}
[debug] [2023-10-09T03:36:06.509Z] >>> [apiv2][query] GET https://firebase.googleapis.com/v1beta1/projects/taskapp-f2537 [none]
[debug] [2023-10-09T03:36:06.697Z] <<< [apiv2][status] GET https://firebase.googleapis.com/v1beta1/projects/taskapp-f2537 401
[debug] [2023-10-09T03:36:06.697Z] <<< [apiv2][body] GET https://firebase.googleapis.com/v1beta1/projects/taskapp-f2537 {"error":{"code":401,"message":"Request had invalid authentication credentials. Expected OAuth 2 access token, login cookie or other valid authentication credential. See https://developers.google.com/identity/sign-in/web/devconsole-project.","status":"UNAUTHENTICATED"}}
[debug] [2023-10-09T03:36:06.697Z] HTTP Error: 401, Request had invalid authentication credentials. Expected OAuth 2 access token, login cookie or other valid authentication credential. See https://developers.google.com/identity/sign-in/web/devconsole-project.
[debug] [2023-10-09T03:36:06.866Z] FirebaseError: HTTP Error: 401, Request had invalid authentication credentials. Expected OAuth 2 access token, login cookie or other valid authentication credential. See https://developers.google.com/identity/sign-in/web/devconsole-project.
    at module.exports (/Users/waibandl321/.npm-global/lib/node_modules/firebase-tools/lib/responseToError.js:47:12)
    at RetryOperation._fn (/Users/waibandl321/.npm-global/lib/node_modules/firebase-tools/lib/apiv2.js:286:39)
    at processTicksAndRejections (node:internal/process/task_queues:96:5)
[error] 
[error] Error: Failed to get Firebase project taskapp-f2537. Please make sure the project exists and your account has permission to access it.
